[debug] [2025-04-22T16:21:52.194Z] ----------------------------------------------------------------------
[debug] [2025-04-22T16:21:52.209Z] Command:       C:\Program Files\nodejs\node.exe C:\Users\User\AppData\Roaming\npm\node_modules\firebase-tools\lib\bin\firebase.js init hosting
[debug] [2025-04-22T16:21:52.210Z] CLI Version:   14.2.0
[debug] [2025-04-22T16:21:52.210Z] Platform:      win32
[debug] [2025-04-22T16:21:52.210Z] Node Version:  v22.14.0
[debug] [2025-04-22T16:21:52.211Z] Time:          Tue Apr 22 2025 12:21:52 GMT-0400 (GMT-04:00)
[debug] [2025-04-22T16:21:52.211Z] ----------------------------------------------------------------------
[debug] 
[debug] [2025-04-22T16:21:52.218Z] >>> [apiv2][query] GET https://firebase-public.firebaseio.com/cli.json [none]
[debug] [2025-04-22T16:21:52.309Z] > command requires scopes: ["email","openid","https://www.googleapis.com/auth/cloudplatformprojects.readonly","https://www.googleapis.com/auth/firebase","https://www.googleapis.com/auth/cloud-platform"]
[debug] [2025-04-22T16:21:52.310Z] > authorizing via signed-in user (fortunajoseeduardo0@gmail.com)
[info] 
     ######## #### ########  ######## ########     ###     ######  ########
     ##        ##  ##     ## ##       ##     ##  ##   ##  ##       ##
     ######    ##  ########  ######   ########  #########  ######  ######
     ##        ##  ##    ##  ##       ##     ## ##     ##       ## ##
     ##       #### ##     ## ######## ########  ##     ##  ######  ########

You're about to initialize a Firebase project in this directory:

  C:\Users\User\Documents\Arabes 2

[debug] [2025-04-22T16:21:52.645Z] <<< [apiv2][status] GET https://firebase-public.firebaseio.com/cli.json 200
[debug] [2025-04-22T16:21:52.645Z] <<< [apiv2][body] GET https://firebase-public.firebaseio.com/cli.json {"cloudBuildErrorAfter":1594252800000,"cloudBuildWarnAfter":1590019200000,"defaultNode10After":1594252800000,"minVersion":"3.0.5","node8DeploysDisabledAfter":1613390400000,"node8RuntimeDisabledAfter":1615809600000,"node8WarnAfter":1600128000000}
[info] 
=== Project Setup
[info] 
[info] First, let's associate this project directory with a Firebase project.
[info] You can create multiple project aliases by running firebase use --add, 
[info] but for now we'll just set up a default project.
[info] 
